2019-10-16 09:29:15,339 - DEBUG - TAGS: ['section', 'header', 'title', 'meta', 'span', 'hr', 'em', 'h4', 'input', 'nav', 'button', 'li', 'svg', 'article', 'noscript', 'form', 'link', 'i', 'path', 'div', 'h1', 'textarea', 'h2', 'img', 'rect', 'style', 'cite', 'a', 'footer', 'script', 'ul', 'p', 'h3']
2019-10-16 09:29:15,339 - DEBUG - TAGS: ['section', 'header', 'title', 'meta', 'span', 'hr', 'em', 'h4', 'input', 'nav', 'button', 'li', 'svg', 'article', 'noscript', 'form', 'link', 'i', 'path', 'div', 'h1', 'textarea', 'h2', 'img', 'rect', 'style', 'cite', 'a', 'footer', 'script', 'ul', 'p', 'h3']
2019-10-16 09:29:15,348 - DEBUG - CSV_TAGS: ['p', 'div', 'h1', 'h2', 'h3', 'span', 'li', 'ul', 'article', 'a', 'section', 'u', 'title', 'ol', 'header', 'strong', 'h4', 'h5', 'main', 'h6']
2019-10-16 09:29:15,350 - DEBUG - meta removed!
2019-10-16 09:29:15,351 - DEBUG - hr removed!
2019-10-16 09:29:15,352 - DEBUG - em removed!
2019-10-16 09:29:15,353 - DEBUG - input removed!
2019-10-16 09:29:15,354 - DEBUG - nav removed!
2019-10-16 09:29:15,356 - DEBUG - button removed!
2019-10-16 09:29:15,356 - DEBUG - svg removed!
2019-10-16 09:29:15,357 - DEBUG - noscript removed!
2019-10-16 09:29:15,357 - DEBUG - form removed!
2019-10-16 09:29:15,358 - DEBUG - link removed!
2019-10-16 09:29:15,359 - DEBUG - i removed!
2019-10-16 09:29:15,359 - DEBUG - path removed!
2019-10-16 09:29:15,360 - DEBUG - textarea removed!
2019-10-16 09:29:15,360 - DEBUG - img removed!
2019-10-16 09:29:15,361 - DEBUG - rect removed!
2019-10-16 09:29:15,428 - DEBUG - style removed!
2019-10-16 09:29:15,435 - DEBUG - cite removed!
2019-10-16 09:29:15,435 - DEBUG - footer removed!
2019-10-16 09:29:15,436 - DEBUG - script removed!
2019-10-16 09:29:15,538 - DEBUG - 43999
2019-10-16 09:29:15,810 - DEBUG - Current len: 32176
2019-10-16 09:29:15,984 - DEBUG - Current len: 28748
2019-10-16 09:29:16,135 - DEBUG - Current len: 23902
2019-10-16 09:29:16,266 - DEBUG - Current len: 13533
2019-10-16 09:29:16,293 - DEBUG - Current len: 11383
2019-10-16 09:29:16,310 - DEBUG - Current len: 10347
2019-10-16 09:29:16,327 - DEBUG - Current len: 10245
2019-10-16 09:29:16,340 - DEBUG - Current len: 10053
2019-10-16 09:29:16,357 - DEBUG - Current len: 9163
2019-10-16 09:29:16,368 - DEBUG - Current len: 9095
2019-10-16 09:29:16,377 - DEBUG - Current len: 9095
2019-10-16 09:29:16,386 - DEBUG - {'form', 'meta', 'link', 'i', 'hr', 'em', 'img', 'style', 'cite', 'a', 'footer', 'input', 'textarea', 'nav', 'button', 'script', 'noscript', 'svg'}
